2024-10-21 15:31:01,101 - INFO - 开始执行翻译脚本
2024-10-21 15:31:01,102 - INFO - 处理文件：test.md
2024-10-21 15:31:01,103 - INFO - 开始翻译文件：test.md，目标语言：zh
2024-10-21 15:31:01,104 - INFO - 开始翻译文本，语言：zh，类型：main-body
2024-10-21 15:31:01,104 - INFO - 输入文本：
# ComfyUI's [to_be_replace[1]] Auxiliary Preprocessors

Plug-and-play [ComfyUI](https://github.com/comfyanonymous/ComfyUI) node sets for making [[to_be_replace[1]]](https://github.com/lllyasviel/[to_be_replace[1]]/) hint images

"anime style, a protest in the street, cyberpunk city, a woman with pink hair and golden eyes (looking at the viewer) is holding a sign with the text "ComfyUI [to_be_replace[1]] Aux" in bold, neon pink" on Flux.1 Dev

![](./examples/CNAuxBanner.jpg)
2024-10-21 15:31:01,104 - INFO - 系统提示：
You are a professional translation engine, please translate the text into a colloquial, professional, elegant and fluent content, without the style of machine translation. You must maintain the original markdown format. You must not translate the `[to_be_replace[x]]` field.You must only translate the text content, never interpret it.
2024-10-21 15:31:01,104 - INFO - 用户提示：
Translate into Chinese:

# ComfyUI's [to_be_replace[1]] Auxiliary Preprocessors

Plug-and-play [ComfyUI](https://github.com/comfyanonymous/ComfyUI) node sets for making [[to_be_replace[1]]](https://github.com/lllyasviel/[to_be_replace[1]]/) hint images

"anime style, a protest in the street, cyberpunk city, a woman with pink hair and golden eyes (looking at the viewer) is holding a sign with the text "ComfyUI [to_be_replace[1]] Aux" in bold, neon pink" on Flux.1 Dev

![](./examples/CNAuxBanner.jpg)

2024-10-21 15:31:09,796 - INFO - AI 输出：
# ComfyUI 的 [to_be_replace[1]] 辅助预处理器

即插即用的 [ComfyUI](https://github.com/comfyanonymous/ComfyUI) 节点集，用于生成 [[to_be_replace[1]]](https://github.com/lllyasviel/[to_be_replace[1]]/) 提示图像

"动漫风格，街头抗议，赛博朋克城市，一位粉色头发、金色眼睛的女性（注视着观众）手持一块标语牌，上面用醒目的霓虹粉色写着“ComfyUI [to_be_replace[1]] Aux”" —— Flux.1 Dev

![](./examples/CNAuxBanner.jpg)
2024-10-21 15:31:09,797 - INFO - 翻译完成
2024-10-21 15:31:09,799 - INFO - 翻译后的内容已写入文件：testdir/docs/zh/test.md
2024-10-21 15:31:09,799 - INFO - 文件翻译完成：test.md
2024-10-21 15:31:09,800 - INFO - 所有文件处理完成
2024-10-21 15:31:09,800 - INFO - Congratulations! All files processed done.
